# JRE version: Java(TM) SE Runtime Environment (8.0_181-b13) (build 1.8.0_181-b13)
# Java VM: Java HotSpot(TM) 64-Bit Server VM (25.181-b13 mixed mode windows-amd64 compressed oops)
Heap:
 PSYoungGen      total 333824K, used 38087K [0x00000000d5d80000, 0x00000000ed580000, 0x0000000100000000)
  eden space 321024K, 9% used [0x00000000d5d80000,0x00000000d7b31c18,0x00000000e9700000)
  from space 12800K, 60% used [0x00000000e9700000,0x00000000e9e801f0,0x00000000ea380000)
  to   space 12800K, 0% used [0x00000000ec900000,0x00000000ec900000,0x00000000ed580000)
 ParOldGen       total 77824K, used 20224K [0x0000000081800000, 0x0000000086400000, 0x00000000d5d80000)
  object space 77824K, 25% used [0x0000000081800000,0x0000000082bc0120,0x0000000086400000)
 Metaspace       used 48042K, capacity 51384K, committed 51584K, reserved 1093632K
  class space    used 6614K, capacity 7175K, committed 7296K, reserved 1048576K
GC Heap History (10 events):
Event: 5.459 GC heap before
{Heap before GC invocations=9 (full 1):
 PSYoungGen      total 140800K, used 140611K [0x00000000d5d80000, 0x00000000e5400000, 0x0000000100000000)
  eden space 132608K, 100% used [0x00000000d5d80000,0x00000000ddf00000,0x00000000ddf00000)
  from space 8192K, 97% used [0x00000000ddf00000,0x00000000de6d0f00,0x00000000de700000)
  to   space 9216K, 0% used [0x00000000e4b00000,0x00000000e4b00000,0x00000000e5400000)
 ParOldGen       total 49664K, used 6318K [0x0000000081800000, 0x0000000084880000, 0x00000000d5d80000)
  object space 49664K, 12% used [0x0000000081800000,0x0000000081e2b980,0x0000000084880000)
 Metaspace       used 31052K, capacity 32780K, committed 32896K, reserved 1077248K
  class space    used 4035K, capacity 4377K, committed 4480K, reserved 1048576K
Event: 5.469 GC heap after
Heap after GC invocations=9 (full 1):
 PSYoungGen      total 238080K, used 8901K [0x00000000d5d80000, 0x00000000e5400000, 0x0000000100000000)
  eden space 228864K, 0% used [0x00000000d5d80000,0x00000000d5d80000,0x00000000e3d00000)
  from space 9216K, 96% used [0x00000000e4b00000,0x00000000e53b16c0,0x00000000e5400000)
  to   space 10240K, 0% used [0x00000000e4000000,0x00000000e4000000,0x00000000e4a00000)
 ParOldGen       total 49664K, used 6318K [0x0000000081800000, 0x0000000084880000, 0x00000000d5d80000)
  object space 49664K, 12% used [0x0000000081800000,0x0000000081e2b980,0x0000000084880000)
 Metaspace       used 31052K, capacity 32780K, committed 32896K, reserved 1077248K
  class space    used 4035K, capacity 4377K, committed 4480K, reserved 1048576K
}
Event: 6.243 GC heap before
{Heap before GC invocations=10 (full 1):
 PSYoungGen      total 238080K, used 73103K [0x00000000d5d80000, 0x00000000e5400000, 0x0000000100000000)
  eden space 228864K, 28% used [0x00000000d5d80000,0x00000000d9c32908,0x00000000e3d00000)
  from space 9216K, 96% used [0x00000000e4b00000,0x00000000e53b16c0,0x00000000e5400000)
  to   space 10240K, 0% used [0x00000000e4000000,0x00000000e4000000,0x00000000e4a00000)
 ParOldGen       total 49664K, used 6318K [0x0000000081800000, 0x0000000084880000, 0x00000000d5d80000)
  object space 49664K, 12% used [0x0000000081800000,0x0000000081e2b980,0x0000000084880000)
 Metaspace       used 33595K, capacity 35406K, committed 35496K, reserved 1079296K
  class space    used 4448K, capacity 4808K, committed 4864K, reserved 1048576K
Event: 6.253 GC heap after
Heap after GC invocations=10 (full 1):
 PSYoungGen      total 242176K, used 7433K [0x00000000d5d80000, 0x00000000eb000000, 0x0000000100000000)
  eden space 231936K, 0% used [0x00000000d5d80000,0x00000000d5d80000,0x00000000e4000000)
  from space 10240K, 72% used [0x00000000e4000000,0x00000000e4742448,0x00000000e4a00000)
  to   space 10752K, 0% used [0x00000000ea580000,0x00000000ea580000,0x00000000eb000000)
 ParOldGen       total 49664K, used 6326K [0x0000000081800000, 0x0000000084880000, 0x00000000d5d80000)
  object space 49664K, 12% used [0x0000000081800000,0x0000000081e2d980,0x0000000084880000)
 Metaspace       used 33595K, capacity 35406K, committed 35496K, reserved 1079296K
  class space    used 4448K, capacity 4808K, committed 4864K, reserved 1048576K
}
Event: 6.253 GC heap before
{Heap before GC invocations=11 (full 2):
 PSYoungGen      total 242176K, used 7433K [0x00000000d5d80000, 0x00000000eb000000, 0x0000000100000000)
  eden space 231936K, 0% used [0x00000000d5d80000,0x00000000d5d80000,0x00000000e4000000)
  from space 10240K, 72% used [0x00000000e4000000,0x00000000e4742448,0x00000000e4a00000)
  to   space 10752K, 0% used [0x00000000ea580000,0x00000000ea580000,0x00000000eb000000)
 ParOldGen       total 49664K, used 6326K [0x0000000081800000, 0x0000000084880000, 0x00000000d5d80000)
  object space 49664K, 12% used [0x0000000081800000,0x0000000081e2d980,0x0000000084880000)
 Metaspace       used 33595K, capacity 35406K, committed 35496K, reserved 1079296K
  class space    used 4448K, capacity 4808K, committed 4864K, reserved 1048576K
Event: 6.369 GC heap after
Heap after GC invocations=11 (full 2):
 PSYoungGen      total 242176K, used 0K [0x00000000d5d80000, 0x00000000eb000000, 0x0000000100000000)
  eden space 231936K, 0% used [0x00000000d5d80000,0x00000000d5d80000,0x00000000e4000000)
  from space 10240K, 0% used [0x00000000e4000000,0x00000000e4000000,0x00000000e4a00000)
  to   space 10752K, 0% used [0x00000000ea580000,0x00000000ea580000,0x00000000eb000000)
 ParOldGen       total 77824K, used 11898K [0x0000000081800000, 0x0000000086400000, 0x00000000d5d80000)
  object space 77824K, 15% used [0x0000000081800000,0x000000008239e8f8,0x0000000086400000)
 Metaspace       used 33595K, capacity 35406K, committed 35496K, reserved 1079296K
  class space    used 4448K, capacity 4808K, committed 4864K, reserved 1048576K
}
Event: 8.680 GC heap before
{Heap before GC invocations=12 (full 2):
 PSYoungGen      total 242176K, used 231936K [0x00000000d5d80000, 0x00000000eb000000, 0x0000000100000000)
  eden space 231936K, 100% used [0x00000000d5d80000,0x00000000e4000000,0x00000000e4000000)
  from space 10240K, 0% used [0x00000000e4000000,0x00000000e4000000,0x00000000e4a00000)
  to   space 10752K, 0% used [0x00000000ea580000,0x00000000ea580000,0x00000000eb000000)
 ParOldGen       total 77824K, used 11898K [0x0000000081800000, 0x0000000086400000, 0x00000000d5d80000)
  object space 77824K, 15% used [0x0000000081800000,0x000000008239e8f8,0x0000000086400000)
 Metaspace       used 42276K, capacity 45094K, committed 45184K, reserved 1087488K
  class space    used 5737K, capacity 6224K, committed 6272K, reserved 1048576K
Event: 8.696 GC heap after
Heap after GC invocations=12 (full 2):
 PSYoungGen      total 301056K, used 10720K [0x00000000d5d80000, 0x00000000eb000000, 0x0000000100000000)
  eden space 290304K, 0% used [0x00000000d5d80000,0x00000000d5d80000,0x00000000e7900000)
  from space 10752K, 99% used [0x00000000ea580000,0x00000000eaff81f0,0x00000000eb000000)
  to   space 12800K, 0% used [0x00000000e9700000,0x00000000e9700000,0x00000000ea380000)
 ParOldGen       total 77824K, used 14597K [0x0000000081800000, 0x0000000086400000, 0x00000000d5d80000)
  object space 77824K, 18% used [0x0000000081800000,0x0000000082641608,0x0000000086400000)
 Metaspace       used 42276K, capacity 45094K, committed 45184K, reserved 1087488K
  class space    used 5737K, capacity 6224K, committed 6272K, reserved 1048576K
}
Event: 10.917 GC heap before
{Heap before GC invocations=13 (full 2):
 PSYoungGen      total 301056K, used 301024K [0x00000000d5d80000, 0x00000000eb000000, 0x0000000100000000)
  eden space 290304K, 100% used [0x00000000d5d80000,0x00000000e7900000,0x00000000e7900000)
  from space 10752K, 99% used [0x00000000ea580000,0x00000000eaff81f0,0x00000000eb000000)
  to   space 12800K, 0% used [0x00000000e9700000,0x00000000e9700000,0x00000000ea380000)
 ParOldGen       total 77824K, used 14597K [0x0000000081800000, 0x0000000086400000, 0x00000000d5d80000)
  object space 77824K, 18% used [0x0000000081800000,0x0000000082641608,0x0000000086400000)
 Metaspace       used 47327K, capacity 50564K, committed 50944K, reserved 1093632K
  class space    used 6514K, capacity 7063K, committed 7168K, reserved 1048576K
Event: 10.941 GC heap after
Heap after GC invocations=13 (full 2):
 PSYoungGen      total 333824K, used 7680K [0x00000000d5d80000, 0x00000000ed580000, 0x0000000100000000)
  eden space 321024K, 0% used [0x00000000d5d80000,0x00000000d5d80000,0x00000000e9700000)
  from space 12800K, 60% used [0x00000000e9700000,0x00000000e9e801f0,0x00000000ea380000)
  to   space 12800K, 0% used [0x00000000ec900000,0x00000000ec900000,0x00000000ed580000)
 ParOldGen       total 77824K, used 20224K [0x0000000081800000, 0x0000000086400000, 0x00000000d5d80000)
  object space 77824K, 25% used [0x0000000081800000,0x0000000082bc0120,0x0000000086400000)
 Metaspace       used 47327K, capacity 50564K, committed 50944K, reserved 1093632K
  class space    used 6514K, capacity 7063K, committed 7168K, reserved 1048576K
}

